#
# There is insufficient memory for the Java Runtime Environment to continue.
# Native memory allocation (malloc) failed to allocate 1379296 bytes for Chunk::new
# Possible reasons:
#   The system is out of physical RAM or swap space
#   In 32 bit mode, the process size limit was hit
# Possible solutions:
#   Reduce memory load on the system
#   Increase physical memory or swap space
#   Check if swap backing store is full
#   Use 64 bit Java on a 64 bit OS
#   Decrease Java heap size (-Xmx/-Xms)
#   Decrease number of Java threads
#   Decrease Java thread stack sizes (-Xss)
#   Set larger code cache with -XX:ReservedCodeCacheSize=
# This output file may be truncated or incomplete.
#
#  Out of Memory Error (allocation.cpp:390), pid=7000, tid=0x0000000000003108
#
# JRE version: OpenJDK Runtime Environment (8.0_76-b03) (build 1.8.0_76-release-b03)
# Java VM: OpenJDK 64-Bit Server VM (25.76-b03 mixed mode windows-amd64 compressed oops)
# Failed to write core dump. Minidumps are not enabled by default on client versions of Windows
#

---------------  T H R E A D  ---------------

Current thread (0x000000001693a800):  JavaThread "C2 CompilerThread0" daemon [_thread_in_native, id=12552, stack(0x0000000017e30000,0x0000000017f30000)]

Stack: [0x0000000017e30000,0x0000000017f30000]
[error occurred during error reporting (printing stack bounds), id 0xc0000005]

Native frames: (J=compiled Java code, j=interpreted, Vv=VM code, C=native code)


Current CompileTask:
C2:3612032 19868       4       com.android.dx.dex.file.DebugInfoEncoder::emitPositionsAtAddress (48 bytes)


---------------  P R O C E S S  ---------------

Java Threads: ( => current thread )
  0x000000001b883000 JavaThread "pool-24-thread-4" [_thread_blocked, id=1724, stack(0x000000002d2f0000,0x000000002d3f0000)]
  0x000000001b882800 JavaThread "pool-24-thread-3" [_thread_blocked, id=1852, stack(0x000000002d1f0000,0x000000002d2f0000)]
  0x000000001b884000 JavaThread "pool-24-thread-1" [_thread_in_native, id=13200, stack(0x000000002d0f0000,0x000000002d1f0000)]
  0x000000001b881000 JavaThread "pool-24-thread-2" [_thread_blocked, id=17024, stack(0x000000002cff0000,0x000000002d0f0000)]
  0x000000001b880000 JavaThread "pool-18-thread-4" [_thread_in_native, id=17388, stack(0x000000002bff0000,0x000000002c0f0000)]
  0x00000000180ac800 JavaThread "pool-18-thread-3" [_thread_in_native, id=6784, stack(0x000000002bef0000,0x000000002bff0000)]
  0x00000000180ac000 JavaThread "pool-18-thread-2" [_thread_blocked, id=7776, stack(0x000000002bdf0000,0x000000002bef0000)]
  0x00000000180a9000 JavaThread "pool-18-thread-1" [_thread_in_native, id=16180, stack(0x000000002bcf0000,0x000000002bdf0000)]
  0x00000000180a1800 JavaThread "Asynchronous log dispatcher for org.gradle.launcher.daemon.server.DefaultDaemonConnection@95cb855" [_thread_blocked, id=14292, stack(0x000000002baf0000,0x000000002bbf0000)]
  0x00000000180a2000 JavaThread "Daemon worker Thread 5" [_thread_blocked, id=18896, stack(0x000000002b9f0000,0x000000002baf0000)]
  0x00000000180a6000 JavaThread "Cancel handler" [_thread_blocked, id=14572, stack(0x000000002b8f0000,0x000000002b9f0000)]
  0x00000000180a7800 JavaThread "Handler for socket connection from /127.0.0.1:62477 to /127.0.0.1:64943" [_thread_in_native, id=8388, stack(0x000000002b7f0000,0x000000002b8f0000)]
  0x00000000180a0800 JavaThread "Daemon Thread 5" [_thread_blocked, id=2396, stack(0x000000002b6f0000,0x000000002b7f0000)]
  0x000000001b884800 JavaThread "stdout" daemon [_thread_in_native, id=13856, stack(0x00000000281f0000,0x00000000282f0000)]
  0x000000001b87f800 JavaThread "stderr" daemon [_thread_in_native, id=13280, stack(0x00000000280f0000,0x00000000281f0000)]
  0x000000001b881800 JavaThread "stdout" daemon [_thread_in_native, id=1568, stack(0x0000000027ff0000,0x00000000280f0000)]
  0x000000001b87e800 JavaThread "stderr" daemon [_thread_in_native, id=12028, stack(0x0000000027ef0000,0x0000000027ff0000)]
  0x000000001b878000 JavaThread "stdout" daemon [_thread_in_native, id=15152, stack(0x0000000027df0000,0x0000000027ef0000)]
  0x000000001b87b000 JavaThread "stdout" daemon [_thread_in_native, id=324, stack(0x0000000027cf0000,0x0000000027df0000)]
  0x000000001b87a000 JavaThread "stderr" daemon [_thread_in_native, id=12848, stack(0x0000000027bf0000,0x0000000027cf0000)]
  0x000000001b87e000 JavaThread "stderr" daemon [_thread_in_native, id=10488, stack(0x0000000027af0000,0x0000000027bf0000)]
  0x000000001b876800 JavaThread "stdout" daemon [_thread_in_native, id=18592, stack(0x00000000279f0000,0x0000000027af0000)]
  0x000000001b879800 JavaThread "stderr" daemon [_thread_in_native, id=12060, stack(0x00000000278f0000,0x00000000279f0000)]
  0x000000001b87d000 JavaThread "stdout" daemon [_thread_in_native, id=8568, stack(0x00000000277f0000,0x00000000278f0000)]
  0x000000001b87c800 JavaThread "stderr" daemon [_thread_in_native, id=8156, stack(0x00000000276f0000,0x00000000277f0000)]
  0x000000001b877000 JavaThread "stdout" daemon [_thread_in_native, id=12360, stack(0x00000000275f0000,0x00000000276f0000)]
  0x000000001b87b800 JavaThread "stderr" daemon [_thread_in_native, id=9724, stack(0x00000000274f0000,0x00000000275f0000)]
  0x000000001b878800 JavaThread "stdout" daemon [_thread_in_native, id=3552, stack(0x00000000273f0000,0x00000000274f0000)]
  0x000000001b875800 JavaThread "stderr" daemon [_thread_in_native, id=8676, stack(0x00000000272f0000,0x00000000273f0000)]
  0x000000001c8a7000 JavaThread "stdout" daemon [_thread_in_native, id=12484, stack(0x00000000271f0000,0x00000000272f0000)]
  0x000000001c8aa000 JavaThread "stderr" daemon [_thread_in_native, id=5748, stack(0x00000000270f0000,0x00000000271f0000)]
  0x000000001c8a9800 JavaThread "stdout" daemon [_thread_in_native, id=14056, stack(0x0000000026ff0000,0x00000000270f0000)]
  0x000000001c8a6800 JavaThread "stderr" daemon [_thread_in_native, id=13952, stack(0x0000000026ef0000,0x0000000026ff0000)]
  0x000000001c8a8800 JavaThread "stdout" daemon [_thread_in_native, id=19440, stack(0x0000000026df0000,0x0000000026ef0000)]
  0x000000001c8a8000 JavaThread "stderr" daemon [_thread_in_native, id=4504, stack(0x0000000026cf0000,0x0000000026df0000)]
  0x000000001c8ab000 JavaThread "stdout" daemon [_thread_in_native, id=6024, stack(0x0000000026bf0000,0x0000000026cf0000)]
  0x000000001c8a5800 JavaThread "stderr" daemon [_thread_in_native, id=5516, stack(0x0000000026af0000,0x0000000026bf0000)]
  0x000000001c8ac800 JavaThread "stdout" daemon [_thread_in_native, id=4712, stack(0x00000000269f0000,0x0000000026af0000)]
  0x000000001c8ab800 JavaThread "stderr" daemon [_thread_in_native, id=5352, stack(0x00000000268f0000,0x00000000269f0000)]
  0x000000001c8a5000 JavaThread "stdout" daemon [_thread_in_native, id=3428, stack(0x00000000266f0000,0x00000000267f0000)]
  0x000000001c89d800 JavaThread "stderr" daemon [_thread_in_native, id=6736, stack(0x00000000265f0000,0x00000000266f0000)]
  0x000000001c8a4000 JavaThread "stdout" daemon [_thread_in_native, id=4632, stack(0x00000000264f0000,0x00000000265f0000)]
  0x000000001c8a2800 JavaThread "stderr" daemon [_thread_in_native, id=4792, stack(0x00000000263f0000,0x00000000264f0000)]
  0x000000001c8a2000 JavaThread "stdout" daemon [_thread_in_native, id=7216, stack(0x00000000262f0000,0x00000000263f0000)]
  0x000000001c8a1000 JavaThread "stderr" daemon [_thread_in_native, id=8588, stack(0x00000000261f0000,0x00000000262f0000)]
  0x000000001c89f800 JavaThread "stdout" daemon [_thread_in_native, id=12904, stack(0x00000000260f0000,0x00000000261f0000)]
  0x000000001c89f000 JavaThread "stderr" daemon [_thread_in_native, id=9436, stack(0x0000000025ff0000,0x00000000260f0000)]
  0x000000001c8a0800 JavaThread "stdout" daemon [_thread_in_native, id=10632, stack(0x0000000025ef0000,0x0000000025ff0000)]
  0x000000001c8a3800 JavaThread "stderr" daemon [_thread_in_native, id=3220, stack(0x0000000025df0000,0x0000000025ef0000)]
  0x000000001d7b6800 JavaThread "stdout" daemon [_thread_in_native, id=10056, stack(0x0000000025cf0000,0x0000000025df0000)]
  0x000000001d7af800 JavaThread "stderr" daemon [_thread_in_native, id=14680, stack(0x0000000025bf0000,0x0000000025cf0000)]
  0x000000001d7af000 JavaThread "stdout" daemon [_thread_in_native, id=2436, stack(0x0000000025af0000,0x0000000025bf0000)]
  0x000000001d7b5000 JavaThread "stderr" daemon [_thread_in_native, id=1824, stack(0x00000000259f0000,0x0000000025af0000)]
  0x000000001d7b5800 JavaThread "png-cruncher_20" daemon [_thread_blocked, id=2832, stack(0x00000000258f0000,0x00000000259f0000)]
  0x000000001d7b4000 JavaThread "png-cruncher_19" daemon [_thread_blocked, id=18148, stack(0x00000000257f0000,0x00000000258f0000)]
  0x000000001d7b3800 JavaThread "png-cruncher_18" daemon [_thread_blocked, id=5668, stack(0x00000000256f0000,0x00000000257f0000)]
  0x000000001d7b2800 JavaThread "png-cruncher_17" daemon [_thread_blocked, id=7868, stack(0x00000000255f0000,0x00000000256f0000)]
  0x000000001d7b2000 JavaThread "png-cruncher_16" daemon [_thread_blocked, id=18960, stack(0x00000000254f0000,0x00000000255f0000)]
  0x000000001d7b1000 JavaThread "png-cruncher_15" daemon [_thread_blocked, id=4240, stack(0x00000000253f0000,0x00000000254f0000)]
  0x000000001d7ae000 JavaThread "png-cruncher_14" daemon [_thread_blocked, id=11628, stack(0x00000000252f0000,0x00000000253f0000)]
  0x000000001d7a9800 JavaThread "png-cruncher_13" daemon [_thread_blocked, id=12128, stack(0x00000000251f0000,0x00000000252f0000)]
  0x000000001d7b0800 JavaThread "png-cruncher_12" daemon [_thread_blocked, id=17288, stack(0x00000000250f0000,0x00000000251f0000)]
  0x000000001d7ac800 JavaThread "png-cruncher_11" daemon [_thread_blocked, id=14472, stack(0x0000000024ff0000,0x00000000250f0000)]
  0x000000001d7a9000 JavaThread "png-cruncher_10" daemon [_thread_blocked, id=15476, stack(0x0000000024ef0000,0x0000000024ff0000)]
  0x000000001d7ac000 JavaThread "png-cruncher_9" daemon [_thread_blocked, id=15872, stack(0x0000000024df0000,0x0000000024ef0000)]
  0x000000001d7a7800 JavaThread "png-cruncher_8" daemon [_thread_blocked, id=8480, stack(0x0000000024cf0000,0x0000000024df0000)]
  0x000000001d7a8000 JavaThread "png-cruncher_7" daemon [_thread_blocked, id=9372, stack(0x0000000024bf0000,0x0000000024cf0000)]
  0x000000001d7ad800 JavaThread "png-cruncher_6" daemon [_thread_blocked, id=6056, stack(0x0000000024af0000,0x0000000024bf0000)]
  0x000000001d7ab000 JavaThread "png-cruncher_5" daemon [_thread_blocked, id=16700, stack(0x00000000249f0000,0x0000000024af0000)]
  0x000000001d7aa800 JavaThread "png-cruncher_4" daemon [_thread_blocked, id=7624, stack(0x00000000248f0000,0x00000000249f0000)]
  0x000000001bded000 JavaThread "png-cruncher_3" daemon [_thread_blocked, id=4368, stack(0x00000000247f0000,0x00000000248f0000)]
  0x000000001bdf0000 JavaThread "png-cruncher_2" daemon [_thread_blocked, id=11956, stack(0x00000000246f0000,0x00000000247f0000)]
  0x000000001bdee800 JavaThread "png-cruncher_1" daemon [_thread_blocked, id=16092, stack(0x00000000245f0000,0x00000000246f0000)]
  0x00000000180a5000 JavaThread "pool-2-thread-1" [_thread_blocked, id=15468, stack(0x000000001e810000,0x000000001e910000)]
  0x000000001b7c1000 JavaThread "File lock request listener" [_thread_in_native, id=10352, stack(0x000000001cf40000,0x000000001d040000)]
  0x00000000196ca800 JavaThread "pool-1-thread-1" [_thread_blocked, id=15968, stack(0x000000001a2a0000,0x000000001a3a0000)]
  0x0000000019420000 JavaThread "Incoming local TCP Connector on port 62477" [_thread_in_native, id=16680, stack(0x0000000018f30000,0x0000000019030000)]
  0x0000000017fa8000 JavaThread "Service Thread" daemon [_thread_blocked, id=17476, stack(0x0000000018530000,0x0000000018630000)]
  0x0000000017f3d800 JavaThread "C1 CompilerThread2" daemon [_thread_blocked, id=17872, stack(0x0000000018430000,0x0000000018530000)]
  0x000000001693c800 JavaThread "C2 CompilerThread1" daemon [_thread_in_native, id=11444, stack(0x0000000018330000,0x0000000018430000)]
=>0x000000001693a800 JavaThread "C2 CompilerThread0" daemon [_thread_in_native, id=12552, stack(0x0000000017e30000,0x0000000017f30000)]
  0x0000000016939800 JavaThread "Attach Listener" daemon [_thread_blocked, id=9812, stack(0x0000000017d30000,0x0000000017e30000)]
  0x00000000168ed000 JavaThread "Signal Dispatcher" daemon [_thread_blocked, id=6904, stack(0x0000000017c30000,0x0000000017d30000)]
  0x00000000168c8800 JavaThread "Finalizer" daemon [_thread_blocked, id=8860, stack(0x0000000017b30000,0x0000000017c30000)]
  0x0000000002ea0000 JavaThread "Reference Handler" daemon [_thread_blocked, id=11092, stack(0x0000000017a30000,0x0000000017b30000)]
  0x0000000002db0800 JavaThread "main" [_thread_blocked, id=17432, stack(0x00000000011c0000,0x00000000012c0000)]

Other Threads:
  0x00000000168a6800 VMThread [stack: 0x0000000017930000,0x0000000017a30000] [id=15560]
  0x0000000017fb1000 WatcherThread [stack: 0x0000000018630000,0x0000000018730000] [id=9572]

VM state:not at safepoint (normal execution)

VM Mutex/Monitor currently owned by a thread: None

Heap:
 PSYoungGen      total 246272K, used 156629K [0x00000000e0000000, 0x00000000f3e00000, 0x0000000100000000)
  eden space 206848K, 56% used [0x00000000e0000000,0x00000000e727b050,0x00000000eca00000)
  from space 39424K, 99% used [0x00000000efd00000,0x00000000f237a740,0x00000000f2380000)
  to   space 52224K, 0% used [0x00000000eca00000,0x00000000eca00000,0x00000000efd00000)
 ParOldGen       total 136704K, used 81119K [0x00000000a0000000, 0x00000000a8580000, 0x00000000e0000000)
  object space 136704K, 59% used [0x00000000a0000000,0x00000000a4f37c18,0x00000000a8580000)
 Metaspace       used 76474K, capacity 79290K, committed 84528K, reserved 1122304K
  class space    used 9478K, capacity 9909K, committed 11056K, reserved 1048576K

Card table byte_map: [0x0000000012330000,0x0000000012640000] byte_map_base: 0x0000000011e30000

Marking Bits: (ParMarkBitMap*) 0x0000000070f69d00
 Begin Bits: [0x0000000012c40000, 0x0000000014440000)
 End Bits:   [0x0000000014440000, 0x0000000015c40000)

Polling page: 0x0000000000d10000

CodeCache: size=245760Kb used=57085Kb max_used=57303Kb free=188674Kb
 bounds [0x0000000002f70000, 0x0000000006810000, 0x0000000011f70000]
 total_blobs=16082 nmethods=15274 adapters=718
 compilation: enabled

Compilation events (10 events):
Event: 3609.564 Thread 0x0000000017f3d800 19891   !   2       com.android.dx.dex.code.OutputFinisher::reverseBranch (73 bytes)
Event: 3609.566 Thread 0x0000000017f3d800 nmethod 19891 0x000000000516e990 code [0x000000000516eba0, 0x000000000516f308]
Event: 3609.594 Thread 0x0000000017f3d800 19892       2       com.android.dx.dex.code.Dop::getOppositeTest (143 bytes)
Event: 3609.596 Thread 0x0000000017f3d800 nmethod 19892 0x00000000054fac10 code [0x00000000054fade0, 0x00000000054fb3a8]
Event: 3609.599 Thread 0x0000000017f3d800 19893       2       com.google.common.collect.TreeTraverser$BreadthFirstIterator::next (28 bytes)
Event: 3609.600 Thread 0x0000000017f3d800 nmethod 19893 0x0000000006438f90 code [0x0000000006439100, 0x00000000064392e8]
Event: 3609.602 Thread 0x0000000017f3d800 19894       2       java.util.ArrayDeque::remove (5 bytes)
Event: 3609.602 Thread 0x0000000017f3d800 nmethod 19894 0x00000000064f35d0 code [0x00000000064f3740, 0x00000000064f3978]
Event: 3609.736 Thread 0x0000000017f3d800 19896       2       com.android.dx.dex.file.EncodedArrayItem::addContents (9 bytes)
Event: 3609.736 Thread 0x0000000017f3d800 nmethod 19896 0x00000000037ea4d0 code [0x00000000037ea640, 0x00000000037ea7c8]

GC Heap History (10 events):
Event: 3598.793 GC heap before
{Heap before GC invocations=46 (full 7):
 PSYoungGen      total 246272K, used 246269K [0x00000000e0000000, 0x00000000f3e00000, 0x0000000100000000)
  eden space 206848K, 100% used [0x00000000e0000000,0x00000000eca00000,0x00000000eca00000)
  from space 39424K, 99% used [0x00000000efd00000,0x00000000f237f7a0,0x00000000f2380000)
  to   space 52224K, 0% used [0x00000000eca00000,0x00000000eca00000,0x00000000efd00000)
 ParOldGen       total 131584K, used 108172K [0x00000000a0000000, 0x00000000a8080000, 0x00000000e0000000)
  object space 131584K, 82% used [0x00000000a0000000,0x00000000a69a3228,0x00000000a8080000)
 Metaspace       used 79965K, capacity 84136K, committed 84272K, reserved 1122304K
  class space    used 10162K, capacity 10966K, committed 11056K, reserved 1048576K
Event: 3598.995 GC heap after
Heap after GC invocations=46 (full 7):
 PSYoungGen      total 259072K, used 52210K [0x00000000e0000000, 0x00000000f3e00000, 0x0000000100000000)
  eden space 206848K, 0% used [0x00000000e0000000,0x00000000e0000000,0x00000000eca00000)
  from space 52224K, 99% used [0x00000000eca00000,0x00000000efcfc828,0x00000000efd00000)
  to   space 39424K, 0% used [0x00000000efd00000,0x00000000efd00000,0x00000000f2380000)
 ParOldGen       total 131584K, used 111067K [0x00000000a0000000, 0x00000000a8080000, 0x00000000e0000000)
  object space 131584K, 84% used [0x00000000a0000000,0x00000000a6c76ca8,0x00000000a8080000)
 Metaspace       used 79965K, capacity 84136K, committed 84272K, reserved 1122304K
  class space    used 10162K, capacity 10966K, committed 11056K, reserved 1048576K
}
Event: 3601.696 GC heap before
{Heap before GC invocations=47 (full 7):
 PSYoungGen      total 259072K, used 259058K [0x00000000e0000000, 0x00000000f3e00000, 0x0000000100000000)
  eden space 206848K, 100% used [0x00000000e0000000,0x00000000eca00000,0x00000000eca00000)
  from space 52224K, 99% used [0x00000000eca00000,0x00000000efcfc828,0x00000000efd00000)
  to   space 39424K, 0% used [0x00000000efd00000,0x00000000efd00000,0x00000000f2380000)
 ParOldGen       total 131584K, used 111067K [0x00000000a0000000, 0x00000000a8080000, 0x00000000e0000000)
  object space 131584K, 84% used [0x00000000a0000000,0x00000000a6c76ca8,0x00000000a8080000)
 Metaspace       used 79999K, capacity 84200K, committed 84528K, reserved 1122304K
  class space    used 10163K, capacity 10966K, committed 11056K, reserved 1048576K
Event: 3601.959 GC heap after
Heap after GC invocations=47 (full 7):
 PSYoungGen      total 246272K, used 39420K [0x00000000e0000000, 0x00000000f3e00000, 0x0000000100000000)
  eden space 206848K, 0% used [0x00000000e0000000,0x00000000e0000000,0x00000000eca00000)
  from space 39424K, 99% used [0x00000000efd00000,0x00000000f237f210,0x00000000f2380000)
  to   space 52224K, 0% used [0x00000000eca00000,0x00000000eca00000,0x00000000efd00000)
 ParOldGen       total 136704K, used 136161K [0x00000000a0000000, 0x00000000a8580000, 0x00000000e0000000)
  object space 136704K, 99% used [0x00000000a0000000,0x00000000a84f84e8,0x00000000a8580000)
 Metaspace       used 79999K, capacity 84200K, committed 84528K, reserved 1122304K
  class space    used 10163K, capacity 10966K, committed 11056K, reserved 1048576K
}
Event: 3601.959 GC heap before
{Heap before GC invocations=48 (full 8):
 PSYoungGen      total 246272K, used 39420K [0x00000000e0000000, 0x00000000f3e00000, 0x0000000100000000)
  eden space 206848K, 0% used [0x00000000e0000000,0x00000000e0000000,0x00000000eca00000)
  from space 39424K, 99% used [0x00000000efd00000,0x00000000f237f210,0x00000000f2380000)
  to   space 52224K, 0% used [0x00000000eca00000,0x00000000eca00000,0x00000000efd00000)
 ParOldGen       total 136704K, used 136161K [0x00000000a0000000, 0x00000000a8580000, 0x00000000e0000000)
  object space 136704K, 99% used [0x00000000a0000000,0x00000000a84f84e8,0x00000000a8580000)
 Metaspace       used 79999K, capacity 84200K, committed 84528K, reserved 1122304K
  class space    used 10163K, capacity 10966K, committed 11056K, reserved 1048576K
Event: 3606.392 GC heap after
Heap after GC invocations=48 (full 8):
 PSYoungGen      total 246272K, used 0K [0x00000000e0000000, 0x00000000f3e00000, 0x0000000100000000)
  eden space 206848K, 0% used [0x00000000e0000000,0x00000000e0000000,0x00000000eca00000)
  from space 39424K, 0% used [0x00000000efd00000,0x00000000efd00000,0x00000000f2380000)
  to   space 52224K, 0% used [0x00000000eca00000,0x00000000eca00000,0x00000000efd00000)
 ParOldGen       total 136704K, used 78301K [0x00000000a0000000, 0x00000000a8580000, 0x00000000e0000000)
  object space 136704K, 57% used [0x00000000a0000000,0x00000000a4c777c0,0x00000000a8580000)
 Metaspace       used 76445K, capacity 79290K, committed 84528K, reserved 1122304K
  class space    used 9477K, capacity 9909K, committed 11056K, reserved 1048576K
}
Event: 3607.591 GC heap before
{Heap before GC invocations=49 (full 8):
 PSYoungGen      total 246272K, used 206848K [0x00000000e0000000, 0x00000000f3e00000, 0x0000000100000000)
  eden space 206848K, 100% used [0x00000000e0000000,0x00000000eca00000,0x00000000eca00000)
  from space 39424K, 0% used [0x00000000efd00000,0x00000000efd00000,0x00000000f2380000)
  to   space 52224K, 0% used [0x00000000eca00000,0x00000000eca00000,0x00000000efd00000)
 ParOldGen       total 136704K, used 78301K [0x00000000a0000000, 0x00000000a8580000, 0x00000000e0000000)
  object space 136704K, 57% used [0x00000000a0000000,0x00000000a4c777c0,0x00000000a8580000)
 Metaspace       used 76462K, capacity 79290K, committed 84528K, reserved 1122304K
  class space    used 9478K, capacity 9909K, committed 11056K, reserved 1048576K
Event: 3607.683 GC heap after
Heap after GC invocations=49 (full 8):
 PSYoungGen      total 259072K, used 29448K [0x00000000e0000000, 0x00000000f3e00000, 0x0000000100000000)
  eden space 206848K, 0% used [0x00000000e0000000,0x00000000e0000000,0x00000000eca00000)
  from space 52224K, 56% used [0x00000000eca00000,0x00000000ee6c2208,0x00000000efd00000)
  to   space 39424K, 0% used [0x00000000efd00000,0x00000000efd00000,0x00000000f2380000)
 ParOldGen       total 136704K, used 78301K [0x00000000a0000000, 0x00000000a8580000, 0x00000000e0000000)
  object space 136704K, 57% used [0x00000000a0000000,0x00000000a4c777c0,0x00000000a8580000)
 Metaspace       used 76462K, capacity 79290K, committed 84528K, reserved 1122304K
  class space    used 9478K, capacity 9909K, committed 11056K, reserved 1048576K
}
Event: 3609.091 GC heap before
{Heap before GC invocations=50 (full 8):
 PSYoungGen      total 259072K, used 236296K [0x00000000e0000000, 0x00000000f3e00000, 0x0000000100000000)
  eden space 206848K, 100% used [0x00000000e0000000,0x00000000eca00000,0x00000000eca00000)
  from space 52224K, 56% used [0x00000000eca00000,0x00000000ee6c2208,0x00000000efd00000)
  to   space 39424K, 0% used [0x00000000efd00000,0x00000000efd00000,0x00000000f2380000)
 ParOldGen       total 136704K, used 78301K [0x00000000a0000000, 0x00000000a8580000, 0x00000000e0000000)
  object space 136704K, 57% used [0x00000000a0000000,0x00000000a4c777c0,0x00000000a8580000)
 Metaspace       used 76469K, capacity 79290K, committed 84528K, reserved 1122304K
  class space    used 9478K, capacity 9909K, committed 11056K, reserved 1048576K
Event: 3609.191 GC heap after
Heap after GC invocations=50 (full 8):
 PSYoungGen      total 246272K, used 39401K [0x00000000e0000000, 0x00000000f3e00000, 0x0000000100000000)
  eden space 206848K, 0% used [0x00000000e0000000,0x00000000e0000000,0x00000000eca00000)
  from space 39424K, 99% used [0x00000000efd00000,0x00000000f237a740,0x00000000f2380000)
  to   space 52224K, 0% used [0x00000000eca00000,0x00000000eca00000,0x00000000efd00000)
 ParOldGen       total 136704K, used 81119K [0x00000000a0000000, 0x00000000a8580000, 0x00000000e0000000)
  object space 136704K, 59% used [0x00000000a0000000,0x00000000a4f37c18,0x00000000a8580000)
 Metaspace       used 76469K, capacity 79290K, committed 84528K, reserved 1122304K
  class space    used 9478K, capacity 9909K, committed 11056K, reserved 1048576K
}

Deoptimization events (10 events):
Event: 3607.224 Thread 0x000000001b69c000 Uncommon trap: reason=unstable_if action=reinterpret pc=0x00000000065a42f0 method=com.android.dx.rop.code.LocalItem.compareHandlesNulls(Lcom/android/dx/rop/cst/CstString;Lcom/android/dx/rop/cst/CstString;)I @ 14
Event: 3607.224 Thread 0x000000001b69c000 Uncommon trap: reason=unstable_if action=reinterpret pc=0x00000000054d7e70 method=com.android.dx.rop.code.LocalItem.compareHandlesNulls(Lcom/android/dx/rop/cst/CstString;Lcom/android/dx/rop/cst/CstString;)I @ 8
Event: 3607.225 Thread 0x000000001b69c000 Uncommon trap: reason=unstable_if action=reinterpret pc=0x000000000660c5dc method=com.android.dx.rop.code.LocalItem.compareHandlesNulls(Lcom/android/dx/rop/cst/CstString;Lcom/android/dx/rop/cst/CstString;)I @ 14
Event: 3607.227 Thread 0x00000000196ca800 Uncommon trap: reason=unstable_if action=reinterpret pc=0x0000000004dc5dd0 method=java.io.ObjectStreamClass.processQueue(Ljava/lang/ref/ReferenceQueue;Ljava/util/concurrent/ConcurrentMap;)V @ 6
Event: 3607.702 Thread 0x000000001b68f000 Uncommon trap: reason=class_check action=maybe_recompile pc=0x00000000061f6dc8 method=com.android.dx.ssa.ConstCollector.getConstsSortedByCountUse()Ljava/util/ArrayList; @ 282
Event: 3607.702 Thread 0x000000001b68f000 Uncommon trap: reason=unstable_if action=reinterpret pc=0x00000000037d569c method=java.util.HashMap.getNode(ILjava/lang/Object;)Ljava/util/HashMap$Node; @ 84
Event: 3607.702 Thread 0x000000001b68f000 Uncommon trap: reason=unstable_if action=reinterpret pc=0x000000000379d6ec method=java.util.HashMap.getNode(ILjava/lang/Object;)Ljava/util/HashMap$Node; @ 84
Event: 3608.155 Thread 0x000000001b694800 Uncommon trap: reason=unstable_if action=reinterpret pc=0x000000000558f50c method=com.android.dx.cf.code.Merger.mergeType(Lcom/android/dx/rop/type/TypeBearer;Lcom/android/dx/rop/type/TypeBearer;)Lcom/android/dx/rop/type/TypeBearer; @ 52
Event: 3608.191 Thread 0x000000001b694800 Uncommon trap: reason=bimorphic action=maybe_recompile pc=0x00000000057b90e4 method=com.android.dx.ssa.back.FirstFitLocalCombiningAllocator.findNextUnreservedRopReg(IILcom/android/dx/ssa/back/FirstFitLocalCombiningAllocator$Alignment;)I @ 60
Event: 3609.366 Thread 0x000000001b884000 Uncommon trap: reason=bimorphic action=maybe_recompile pc=0x00000000057b8f48 method=com.android.dx.ssa.back.FirstFitLocalCombiningAllocator.findNextUnreservedRopReg(IILcom/android/dx/ssa/back/FirstFitLocalCombiningAllocator$Alignment;)I @ 60

Internal exceptions (10 events):
Event: 3577.047 Thread 0x00000000180a2000 Exception <a 'java/io/FileNotFoundException'> (0x00000000e50a4690) thrown at [C:\src\android\AOSP-openjdk\external\jetbrains\jdk\hotspot\src\share\vm\prims\jni.cpp, line 709]
Event: 3577.241 Thread 0x00000000180a2000 Implicit null exception at 0x0000000005140a24 to 0x0000000005142649
Event: 3577.260 Thread 0x00000000180a2000 Implicit null exception at 0x0000000004e55744 to 0x0000000004e559e1
Event: 3589.038 Thread 0x000000001b882800 Implicit null exception at 0x000000000320d649 to 0x000000000320e151
Event: 3589.550 Thread 0x000000001b696000 Implicit null exception at 0x0000000005f70c62 to 0x0000000005f70d52
Event: 3599.769 Thread 0x000000001b693800 Implicit null exception at 0x0000000006372e31 to 0x0000000006373b91
Event: 3606.410 Thread 0x000000001b881000 Implicit null exception at 0x00000000066f1d1c to 0x00000000066f2705
Event: 3607.224 Thread 0x000000001b69c000 Implicit null exception at 0x00000000065a1915 to 0x00000000065a42b1
Event: 3607.224 Thread 0x000000001b69c000 Implicit null exception at 0x00000000054d7c08 to 0x00000000054d7e5d
Event: 3607.225 Thread 0x000000001b69c000 Implicit null exception at 0x000000000660b25a to 0x000000000660c57d

Events (10 events):
Event: 3609.555 Executing VM operation: RevokeBias done
Event: 3609.560 Executing VM operation: RevokeBias
Event: 3609.560 Executing VM operation: RevokeBias done
Event: 3609.572 Executing VM operation: RevokeBias
Event: 3609.572 Executing VM operation: RevokeBias done
Event: 3609.606 Thread 0x000000001b696800 Thread exited: 0x000000001b696800
Event: 3609.653 Thread 0x000000001b696000 Thread exited: 0x000000001b696000
Event: 3609.654 Thread 0x000000001b68f000 Thread exited: 0x000000001b68f000
Event: 3609.654 Thread 0x000000001b68f800 Thread added: 0x000000001b68f800
Event: 3609.738 Thread 0x0000000017f3d800 flushing nmethod 0x00000000047e5590


Dynamic libraries:
0x00007ff6cf4d0000 - 0x00007ff6cf501000 	C:\Program Files\Android\Android Studio\jre\bin\java.exe
0x00007ffacc9f0000 - 0x00007ffaccbc1000 	C:\Windows\SYSTEM32\ntdll.dll
0x00007ffacc050000 - 0x00007ffacc0fb000 	C:\Windows\System32\KERNEL32.DLL
0x00007ffac9960000 - 0x00007ffac9b7d000 	C:\Windows\System32\KERNELBASE.dll
0x00007ffacc890000 - 0x00007ffacc932000 	C:\Windows\System32\ADVAPI32.dll
0x00007ffac9fa0000 - 0x00007ffaca03e000 	C:\Windows\System32\msvcrt.dll
0x00007ffaca1e0000 - 0x00007ffaca239000 	C:\Windows\System32\sechost.dll
0x00007ffacc640000 - 0x00007ffacc761000 	C:\Windows\System32\RPCRT4.dll
0x00007ffaca240000 - 0x00007ffaca3a5000 	C:\Windows\System32\USER32.dll
0x00007ffac96e0000 - 0x00007ffac96fe000 	C:\Windows\System32\win32u.dll
0x00007ffaca1a0000 - 0x00007ffaca1d4000 	C:\Windows\System32\GDI32.dll
0x00007ffac9b80000 - 0x00007ffac9d02000 	C:\Windows\System32\gdi32full.dll
0x00007ffac03e0000 - 0x00007ffac0659000 	C:\Windows\WinSxS\amd64_microsoft.windows.common-controls_6595b64144ccf1df_6.0.14393.447_none_42191651c6827bb3\COMCTL32.dll
0x00007ffacb930000 - 0x00007ffacbbf8000 	C:\Windows\System32\combase.dll
0x00007ffac9700000 - 0x00007ffac97f5000 	C:\Windows\System32\ucrtbase.dll
0x00007ffac8ee0000 - 0x00007ffac8f4a000 	C:\Windows\System32\bcryptPrimitives.dll
0x00007ffacbc00000 - 0x00007ffacbc2e000 	C:\Windows\System32\IMM32.DLL
0x00000000703b0000 - 0x0000000070482000 	C:\Program Files\Android\Android Studio\jre\jre\bin\msvcr100.dll
0x00000000707b0000 - 0x0000000070fe4000 	C:\Program Files\Android\Android Studio\jre\jre\bin\server\jvm.dll
0x00007ffacc940000 - 0x00007ffacc948000 	C:\Windows\System32\PSAPI.DLL
0x00007ffabea40000 - 0x00007ffabea49000 	C:\Windows\SYSTEM32\WSOCK32.dll
0x00007ffac6d20000 - 0x00007ffac6d43000 	C:\Windows\SYSTEM32\WINMM.dll
0x00007ffabadf0000 - 0x00007ffabadfa000 	C:\Windows\SYSTEM32\VERSION.dll
0x00007ffacbc90000 - 0x00007ffacbcfa000 	C:\Windows\System32\WS2_32.dll
0x00007ffac6ca0000 - 0x00007ffac6ccb000 	C:\Windows\SYSTEM32\WINMMBASE.dll
0x00007ffac9800000 - 0x00007ffac9842000 	C:\Windows\System32\cfgmgr32.dll
0x00007ffac55e0000 - 0x00007ffac55ef000 	C:\Program Files\Android\Android Studio\jre\jre\bin\verify.dll
0x00007ffab47d0000 - 0x00007ffab47f9000 	C:\Program Files\Android\Android Studio\jre\jre\bin\java.dll
0x00007ffab47b0000 - 0x00007ffab47c6000 	C:\Program Files\Android\Android Studio\jre\jre\bin\zip.dll
0x00007ffaca420000 - 0x00007ffacb929000 	C:\Windows\System32\SHELL32.dll
0x00007ffac8f50000 - 0x00007ffac962a000 	C:\Windows\System32\windows.storage.dll
0x00007ffac8e90000 - 0x00007ffac8edc000 	C:\Windows\System32\powrprof.dll
0x00007ffacbc30000 - 0x00007ffacbc82000 	C:\Windows\System32\shlwapi.dll
0x00007ffac8e80000 - 0x00007ffac8e8f000 	C:\Windows\System32\kernel.appcore.dll
0x00007ffac9630000 - 0x00007ffac96d9000 	C:\Windows\System32\shcore.dll
0x00007ffac8e50000 - 0x00007ffac8e64000 	C:\Windows\System32\profapi.dll
0x00007ffab42c0000 - 0x00007ffab42da000 	C:\Program Files\Android\Android Studio\jre\jre\bin\net.dll
0x00007ffac8780000 - 0x00007ffac87dc000 	C:\Windows\system32\mswsock.dll
0x00007ffab3cd0000 - 0x00007ffab3ce1000 	C:\Program Files\Android\Android Studio\jre\jre\bin\nio.dll
0x00007ffaa09a0000 - 0x00007ffaa09b2000 	C:\Users\charlie\.gradle\native\19\windows-amd64\native-platform.dll
0x00007ffac8920000 - 0x00007ffac8937000 	C:\Windows\SYSTEM32\CRYPTSP.dll
0x00007ffac8390000 - 0x00007ffac83c3000 	C:\Windows\system32\rsaenh.dll
0x00007ffac8a30000 - 0x00007ffac8a5b000 	C:\Windows\SYSTEM32\bcrypt.dll
0x00007ffac8600000 - 0x00007ffac861f000 	C:\Windows\SYSTEM32\USERENV.dll
0x00007ffac8940000 - 0x00007ffac894b000 	C:\Windows\SYSTEM32\CRYPTBASE.dll
0x00007ffac8510000 - 0x00007ffac8548000 	C:\Windows\SYSTEM32\IPHLPAPI.DLL
0x00007ffaca3b0000 - 0x00007ffaca3b8000 	C:\Windows\System32\NSI.dll
0x00007ffac3430000 - 0x00007ffac3446000 	C:\Windows\SYSTEM32\dhcpcsvc6.DLL
0x00007ffac3410000 - 0x00007ffac342a000 	C:\Windows\SYSTEM32\dhcpcsvc.DLL
0x00007ffac22d0000 - 0x00007ffac22dd000 	C:\Program Files\Android\Android Studio\jre\jre\bin\management.dll
0x00007ffa9dc60000 - 0x00007ffa9dc84000 	C:\Program Files\Android\Android Studio\jre\jre\bin\sunec.dll
0x00007ffac8550000 - 0x00007ffac85f0000 	C:\Windows\SYSTEM32\DNSAPI.dll
0x00007ffaba200000 - 0x00007ffaba20a000 	C:\Windows\System32\rasadhlp.dll
0x00007ffac3470000 - 0x00007ffac34da000 	C:\Windows\System32\fwpuclnt.dll

VM Arguments:
jvm_args: -Xmx1536m -Dfile.encoding=GBK -Duser.country=CN -Duser.language=zh -Duser.variant 
java_command: org.gradle.launcher.daemon.bootstrap.GradleDaemon 2.14.1
java_class_path (initial): C:\Program Files\Android\Android Studio\gradle\gradle-2.14.1\lib\gradle-launcher-2.14.1.jar
Launcher Type: SUN_STANDARD

Environment Variables:
JAVA_HOME=C:\Program Files\Java\jdk1.8.0_102
PATH=C:\Program Files\Java\jdk1.8.0_102\bin;C:\Program Files\Java\jdk1.8.0_102\jre\bin;C:\ProgramData\Oracle\Java\javapath;C:\Windows\system32;C:\Windows;C:\Windows\System32\Wbem;C:\Windows\System32\WindowsPowerShell\v1.0\;C:\Program Files (x86)\PuTTY\;C:\Program Files\Microsoft SQL Server\130\Tools\Binn\;C:\Program Files (x86)\QuickTime\QTSystem\;C:\Program Files (x86)\GtkSharp\2.12\bin;C:\Program Files (x86)\Common Files\Propellerhead Software\ReWire\;C:\Program Files\Common Files\Propellerhead Software\ReWire\;C:\Program Files\Git\cmd;C:\Program Files\dotnet\;C:\Program Files (x86)\Windows Kits\10\Windows Performance Toolkit\;C:\Users\charlie\AppData\Local\Microsoft\WindowsApps;
USERNAME=charlie
OS=Windows_NT
PROCESSOR_IDENTIFIER=Intel64 Family 6 Model 58 Stepping 9, GenuineIntel



---------------  S Y S T E M  ---------------

OS: Windows 10.0 , 64 bit Build 14393 (10.0.14393.0)

CPU:total 4 (2 cores per cpu, 2 threads per core) family 6 model 58 stepping 9, cmov, cx8, fxsr, mmx, sse, sse2, sse3, ssse3, sse4.1, sse4.2, popcnt, avx, aes, clmul, erms, ht, tsc, tscinvbit, tscinv

Memory: 4k page, physical 4070680k(200316k free), swap 8494504k(3968k free)

vm_info: OpenJDK 64-Bit Server VM (25.76-b03) for windows-amd64 JRE (1.8.0_76-release-b03), built on Jun 29 2016 19:09:20 by "ralucas" with MS VC++ 10.0 (VS2010)

time: Sat Feb 04 22:14:06 2017
elapsed time: 3611 seconds (0d 1h 0m 11s)

