#
# There is insufficient memory for the Java Runtime Environment to continue.
# Native memory allocation (malloc) failed to allocate 1046176 bytes for Chunk::new
# Possible reasons:
#   The system is out of physical RAM or swap space
#   In 32 bit mode, the process size limit was hit
# Possible solutions:
#   Reduce memory load on the system
#   Increase physical memory or swap space
#   Check if swap backing store is full
#   Use 64 bit Java on a 64 bit OS
#   Decrease Java heap size (-Xmx/-Xms)
#   Decrease number of Java threads
#   Decrease Java thread stack sizes (-Xss)
#   Set larger code cache with -XX:ReservedCodeCacheSize=
# This output file may be truncated or incomplete.
#
#  Out of Memory Error (allocation.cpp:390), pid=2452, tid=0x00000000000040f8
#
# JRE version: OpenJDK Runtime Environment (8.0_76-b03) (build 1.8.0_76-release-b03)
# Java VM: OpenJDK 64-Bit Server VM (25.76-b03 mixed mode windows-amd64 compressed oops)
# Failed to write core dump. Minidumps are not enabled by default on client versions of Windows
#

---------------  T H R E A D  ---------------

Current thread (0x0000000016df9000):  JavaThread "C2 CompilerThread0" daemon [_thread_in_native, id=16632, stack(0x0000000018310000,0x0000000018410000)]

Stack: [0x0000000018310000,0x0000000018410000]
[error occurred during error reporting (printing stack bounds), id 0xc0000005]

Native frames: (J=compiled Java code, j=interpreted, Vv=VM code, C=native code)


Current CompileTask:
C2: 102462 13277   !   4       com.android.dx.cf.code.BytecodeArray::parseInstruction (2764 bytes)


---------------  P R O C E S S  ---------------

Java Threads: ( => current thread )
  0x000000001bc27000 JavaThread "pool-77-thread-4" [_thread_blocked, id=11952, stack(0x000000002f2c0000,0x000000002f3c0000)]
  0x000000001bc1f800 JavaThread "pool-77-thread-3" [_thread_blocked, id=15316, stack(0x000000002f1c0000,0x000000002f2c0000)]
  0x000000001bc26800 JavaThread "pool-77-thread-2" [_thread_in_Java, id=3448, stack(0x000000002f0c0000,0x000000002f1c0000)]
  0x000000001bc25800 JavaThread "pool-78-thread-1" [_thread_blocked, id=11528, stack(0x000000002efc0000,0x000000002f0c0000)]
  0x000000001bc25000 JavaThread "pool-77-thread-1" [_thread_blocked, id=13084, stack(0x000000002eec0000,0x000000002efc0000)]
  0x000000001bc24000 JavaThread "pool-74-thread-4" [_thread_blocked, id=2412, stack(0x000000002edc0000,0x000000002eec0000)]
  0x000000001bc23800 JavaThread "pool-74-thread-3" [_thread_blocked, id=16024, stack(0x000000002ecc0000,0x000000002edc0000)]
  0x000000001bc22800 JavaThread "pool-74-thread-2" [_thread_blocked, id=6604, stack(0x000000002ebc0000,0x000000002ecc0000)]
  0x000000001bc1c000 JavaThread "pool-75-thread-1" [_thread_blocked, id=15076, stack(0x000000002eac0000,0x000000002ebc0000)]
  0x000000001bc1e000 JavaThread "pool-74-thread-1" [_thread_blocked, id=16940, stack(0x000000002e9c0000,0x000000002eac0000)]
  0x000000001bc1f000 JavaThread "pool-71-thread-4" [_thread_in_Java, id=13168, stack(0x000000002e8c0000,0x000000002e9c0000)]
  0x000000001bc20800 JavaThread "pool-71-thread-3" [_thread_blocked, id=14028, stack(0x000000002e7c0000,0x000000002e8c0000)]
  0x000000001bc1c800 JavaThread "pool-71-thread-2" [_thread_blocked, id=3908, stack(0x000000002e6c0000,0x000000002e7c0000)]
  0x000000001bc1b000 JavaThread "pool-72-thread-1" [_thread_blocked, id=6760, stack(0x000000002e5c0000,0x000000002e6c0000)]
  0x000000001bc22000 JavaThread "pool-71-thread-1" [_thread_blocked, id=6356, stack(0x000000002e4c0000,0x000000002e5c0000)]
  0x000000001cb6f800 JavaThread "pool-9-thread-3" [_thread_blocked, id=17068, stack(0x00000000280c0000,0x00000000281c0000)]
  0x000000001e254800 JavaThread "pool-9-thread-4" [_thread_in_native, id=15764, stack(0x0000000027fc0000,0x00000000280c0000)]
  0x000000001e253000 JavaThread "pool-9-thread-2" [_thread_in_Java, id=11612, stack(0x0000000027ec0000,0x0000000027fc0000)]
  0x000000001e251800 JavaThread "pool-9-thread-1" [_thread_blocked, id=12616, stack(0x0000000027dc0000,0x0000000027ec0000)]
  0x000000001e254000 JavaThread "stdout" daemon [_thread_in_native, id=2328, stack(0x00000000268c0000,0x00000000269c0000)]
  0x000000001e252800 JavaThread "stderr" daemon [_thread_in_native, id=10508, stack(0x00000000267c0000,0x00000000268c0000)]
  0x000000001e251000 JavaThread "stdout" daemon [_thread_in_native, id=3820, stack(0x00000000266c0000,0x00000000267c0000)]
  0x000000001e249800 JavaThread "stderr" daemon [_thread_in_native, id=3516, stack(0x00000000265c0000,0x00000000266c0000)]
  0x000000001e250000 JavaThread "stdout" daemon [_thread_in_native, id=3868, stack(0x00000000264c0000,0x00000000265c0000)]
  0x000000001e248800 JavaThread "stderr" daemon [_thread_in_native, id=11192, stack(0x00000000263c0000,0x00000000264c0000)]
  0x000000001e24f800 JavaThread "stdout" daemon [_thread_in_native, id=16116, stack(0x00000000262c0000,0x00000000263c0000)]
  0x000000001e248000 JavaThread "stderr" daemon [_thread_in_native, id=14024, stack(0x00000000261c0000,0x00000000262c0000)]
  0x000000001e24e800 JavaThread "stdout" daemon [_thread_in_native, id=5920, stack(0x00000000260c0000,0x00000000261c0000)]
  0x000000001e24b000 JavaThread "stderr" daemon [_thread_in_native, id=6152, stack(0x0000000025fc0000,0x00000000260c0000)]
  0x000000001e247000 JavaThread "stdout" daemon [_thread_in_native, id=4920, stack(0x0000000025ec0000,0x0000000025fc0000)]
  0x000000001e24e000 JavaThread "stderr" daemon [_thread_in_native, id=14988, stack(0x0000000025dc0000,0x0000000025ec0000)]
  0x000000001e24b800 JavaThread "stdout" daemon [_thread_in_native, id=13132, stack(0x0000000025cc0000,0x0000000025dc0000)]
  0x000000001e246800 JavaThread "stderr" daemon [_thread_in_native, id=13396, stack(0x0000000025bc0000,0x0000000025cc0000)]
  0x000000001e24a000 JavaThread "stdout" daemon [_thread_in_native, id=13924, stack(0x0000000025ac0000,0x0000000025bc0000)]
  0x000000001e24d000 JavaThread "stderr" daemon [_thread_in_native, id=6124, stack(0x00000000259c0000,0x0000000025ac0000)]
  0x000000001e24c800 JavaThread "stdout" daemon [_thread_in_native, id=8392, stack(0x00000000258c0000,0x00000000259c0000)]
  0x000000001f3c8800 JavaThread "stderr" daemon [_thread_in_native, id=9552, stack(0x00000000257c0000,0x00000000258c0000)]
  0x000000001f3c7800 JavaThread "stdout" daemon [_thread_in_native, id=17616, stack(0x00000000256c0000,0x00000000257c0000)]
  0x000000001f3c7000 JavaThread "stderr" daemon [_thread_in_native, id=9772, stack(0x00000000255c0000,0x00000000256c0000)]
  0x000000001f3c5800 JavaThread "stdout" daemon [_thread_in_native, id=6392, stack(0x00000000254c0000,0x00000000255c0000)]
  0x000000001f3c4800 JavaThread "stderr" daemon [_thread_in_native, id=13876, stack(0x00000000253c0000,0x00000000254c0000)]
  0x000000001f3c4000 JavaThread "stdout" daemon [_thread_in_native, id=14032, stack(0x00000000251c0000,0x00000000252c0000)]
  0x000000001f3c6000 JavaThread "stderr" daemon [_thread_in_native, id=16640, stack(0x00000000250c0000,0x00000000251c0000)]
  0x000000001f3c9000 JavaThread "stdout" daemon [_thread_in_native, id=19412, stack(0x0000000024fc0000,0x00000000250c0000)]
  0x000000001f3bc800 JavaThread "stderr" daemon [_thread_in_native, id=4732, stack(0x0000000024ec0000,0x0000000024fc0000)]
  0x000000001f3c3000 JavaThread "stdout" daemon [_thread_in_native, id=1276, stack(0x0000000024dc0000,0x0000000024ec0000)]
  0x000000001f3c2800 JavaThread "stderr" daemon [_thread_in_native, id=16528, stack(0x0000000024cc0000,0x0000000024dc0000)]
  0x000000001f3bb000 JavaThread "stdout" daemon [_thread_in_native, id=15436, stack(0x0000000024bc0000,0x0000000024cc0000)]
  0x000000001f3c1800 JavaThread "stderr" daemon [_thread_in_native, id=13832, stack(0x0000000024ac0000,0x0000000024bc0000)]
  0x000000001f3ba000 JavaThread "stdout" daemon [_thread_in_native, id=1676, stack(0x00000000249c0000,0x0000000024ac0000)]
  0x000000001f3c1000 JavaThread "stderr" daemon [_thread_in_native, id=4004, stack(0x00000000248c0000,0x00000000249c0000)]
  0x000000001f3bb800 JavaThread "stdout" daemon [_thread_in_native, id=428, stack(0x00000000247c0000,0x00000000248c0000)]
  0x000000001f3be000 JavaThread "stderr" daemon [_thread_in_native, id=2292, stack(0x00000000246c0000,0x00000000247c0000)]
  0x000000001f3c0000 JavaThread "stdout" daemon [_thread_in_native, id=14724, stack(0x00000000245c0000,0x00000000246c0000)]
  0x000000001f3bd000 JavaThread "stderr" daemon [_thread_in_native, id=15712, stack(0x00000000244c0000,0x00000000245c0000)]
  0x000000001f3bf800 JavaThread "stdout" daemon [_thread_in_native, id=8620, stack(0x00000000243c0000,0x00000000244c0000)]
  0x000000001f3be800 JavaThread "stdout" daemon [_thread_in_native, id=14524, stack(0x00000000242c0000,0x00000000243c0000)]
  0x000000001c8dd800 JavaThread "stderr" daemon [_thread_in_native, id=6660, stack(0x00000000241c0000,0x00000000242c0000)]
  0x000000001c8dc800 JavaThread "stderr" daemon [_thread_in_native, id=10476, stack(0x00000000240c0000,0x00000000241c0000)]
  0x000000001c8dc000 JavaThread "png-cruncher_20" daemon [_thread_blocked, id=6172, stack(0x0000000023fc0000,0x00000000240c0000)]
  0x000000001c8db000 JavaThread "png-cruncher_19" daemon [_thread_blocked, id=4396, stack(0x0000000023ec0000,0x0000000023fc0000)]
  0x000000001c8da800 JavaThread "png-cruncher_18" daemon [_thread_blocked, id=16192, stack(0x0000000023dc0000,0x0000000023ec0000)]
  0x000000001c8d3000 JavaThread "png-cruncher_17" daemon [_thread_blocked, id=16288, stack(0x0000000023cc0000,0x0000000023dc0000)]
  0x000000001c8d9000 JavaThread "png-cruncher_16" daemon [_thread_blocked, id=17752, stack(0x0000000023bc0000,0x0000000023cc0000)]
  0x000000001c8d9800 JavaThread "png-cruncher_15" daemon [_thread_blocked, id=18168, stack(0x0000000023ac0000,0x0000000023bc0000)]
  0x000000001c8d8000 JavaThread "png-cruncher_14" daemon [_thread_blocked, id=13552, stack(0x00000000239c0000,0x0000000023ac0000)]
  0x000000001c8d7800 JavaThread "png-cruncher_13" daemon [_thread_blocked, id=2252, stack(0x00000000238c0000,0x00000000239c0000)]
  0x000000001c8d0000 JavaThread "png-cruncher_12" daemon [_thread_blocked, id=16996, stack(0x00000000237c0000,0x00000000238c0000)]
  0x000000001c8d2000 JavaThread "png-cruncher_11" daemon [_thread_blocked, id=15356, stack(0x00000000236c0000,0x00000000237c0000)]
  0x000000001c8d6800 JavaThread "png-cruncher_10" daemon [_thread_blocked, id=5172, stack(0x00000000235c0000,0x00000000236c0000)]
  0x000000001c8d1800 JavaThread "png-cruncher_9" daemon [_thread_blocked, id=10812, stack(0x00000000234c0000,0x00000000235c0000)]
  0x000000001c8d6000 JavaThread "png-cruncher_8" daemon [_thread_blocked, id=13276, stack(0x00000000233c0000,0x00000000234c0000)]
  0x000000001c8d0800 JavaThread "png-cruncher_7" daemon [_thread_blocked, id=228, stack(0x00000000232c0000,0x00000000233c0000)]
  0x000000001c8d5000 JavaThread "png-cruncher_6" daemon [_thread_blocked, id=14592, stack(0x00000000231c0000,0x00000000232c0000)]
  0x000000001c8cf000 JavaThread "png-cruncher_5" daemon [_thread_blocked, id=10484, stack(0x00000000230c0000,0x00000000231c0000)]
  0x000000001c8ce800 JavaThread "png-cruncher_4" daemon [_thread_blocked, id=11100, stack(0x0000000022fc0000,0x00000000230c0000)]
  0x000000001c8d4800 JavaThread "png-cruncher_3" daemon [_thread_blocked, id=4544, stack(0x0000000022ec0000,0x0000000022fc0000)]
  0x000000001c8d3800 JavaThread "png-cruncher_2" daemon [_thread_blocked, id=11056, stack(0x0000000022dc0000,0x0000000022ec0000)]
  0x0000000019ad0800 JavaThread "png-cruncher_1" daemon [_thread_blocked, id=5284, stack(0x0000000022cc0000,0x0000000022dc0000)]
  0x0000000019ad0000 JavaThread "pool-3-thread-4" [_thread_blocked, id=7312, stack(0x0000000022ac0000,0x0000000022bc0000)]
  0x0000000019ad3800 JavaThread "pool-3-thread-3" [_thread_blocked, id=14044, stack(0x00000000229c0000,0x0000000022ac0000)]
  0x0000000019ad3000 JavaThread "pool-3-thread-2" [_thread_blocked, id=15056, stack(0x00000000228c0000,0x00000000229c0000)]
  0x0000000019ad2000 JavaThread "pool-3-thread-1" [_thread_blocked, id=15424, stack(0x00000000227c0000,0x00000000228c0000)]
  0x0000000019ad5000 JavaThread "pool-2-thread-1" [_thread_blocked, id=12192, stack(0x000000001d740000,0x000000001d840000)]
  0x0000000019ad1800 JavaThread "File lock request listener" [_thread_in_native, id=592, stack(0x000000001d640000,0x000000001d740000)]
  0x0000000019e11800 JavaThread "Asynchronous log dispatcher for org.gradle.launcher.daemon.server.DefaultDaemonConnection@4e338995" [_thread_blocked, id=10480, stack(0x000000001aca0000,0x000000001ada0000)]
  0x0000000019e0a000 JavaThread "Daemon worker" [_thread_blocked, id=5908, stack(0x000000001aba0000,0x000000001aca0000)]
  0x0000000019926000 JavaThread "Cancel handler" [_thread_blocked, id=4172, stack(0x000000001aaa0000,0x000000001aba0000)]
  0x00000000197a9000 JavaThread "Handler for socket connection from /127.0.0.1:65464 to /127.0.0.1:65465" [_thread_in_native, id=12180, stack(0x000000001a9a0000,0x000000001aaa0000)]
  0x00000000197a8000 JavaThread "Daemon" [_thread_blocked, id=10136, stack(0x000000001a8a0000,0x000000001a9a0000)]
  0x00000000197ca800 JavaThread "pool-1-thread-1" [_thread_blocked, id=2680, stack(0x000000001a7a0000,0x000000001a8a0000)]
  0x00000000196fc800 JavaThread "Incoming local TCP Connector on port 65464" [_thread_in_native, id=5028, stack(0x0000000019410000,0x0000000019510000)]
  0x000000001849a000 JavaThread "Service Thread" daemon [_thread_blocked, id=16980, stack(0x0000000018a10000,0x0000000018b10000)]
  0x000000001841c000 JavaThread "C1 CompilerThread2" daemon [_thread_blocked, id=17856, stack(0x0000000018910000,0x0000000018a10000)]
  0x0000000016dfd000 JavaThread "C2 CompilerThread1" daemon [_thread_in_native, id=16892, stack(0x0000000018810000,0x0000000018910000)]
=>0x0000000016df9000 JavaThread "C2 CompilerThread0" daemon [_thread_in_native, id=16632, stack(0x0000000018310000,0x0000000018410000)]
  0x0000000016df7800 JavaThread "Attach Listener" daemon [_thread_blocked, id=2444, stack(0x0000000018210000,0x0000000018310000)]
  0x0000000016dab000 JavaThread "Signal Dispatcher" daemon [_thread_blocked, id=5256, stack(0x0000000018110000,0x0000000018210000)]
  0x0000000016d88800 JavaThread "Finalizer" daemon [_thread_blocked, id=5116, stack(0x0000000018010000,0x0000000018110000)]
  0x0000000003320000 JavaThread "Reference Handler" daemon [_thread_blocked, id=16604, stack(0x0000000017f10000,0x0000000018010000)]
  0x0000000003230800 JavaThread "main" [_thread_blocked, id=16392, stack(0x0000000002dc0000,0x0000000002ec0000)]

Other Threads:
  0x0000000016d66800 VMThread [stack: 0x0000000017e10000,0x0000000017f10000] [id=18800]
  0x000000001849b000 WatcherThread [stack: 0x0000000018b10000,0x0000000018c10000] [id=13660]

VM state:not at safepoint (normal execution)

VM Mutex/Monitor currently owned by a thread: None

Heap:
 PSYoungGen      total 330752K, used 213829K [0x00000000e0000000, 0x00000000f9580000, 0x0000000100000000)
  eden space 264704K, 80% used [0x00000000e0000000,0x00000000ed0d1740,0x00000000f0280000)
  from space 66048K, 0% used [0x00000000f4780000,0x00000000f4780000,0x00000000f8800000)
  to   space 70656K, 0% used [0x00000000f0280000,0x00000000f0280000,0x00000000f4780000)
 ParOldGen       total 116224K, used 80453K [0x00000000a0000000, 0x00000000a7180000, 0x00000000e0000000)
  object space 116224K, 69% used [0x00000000a0000000,0x00000000a4e91758,0x00000000a7180000)
 Metaspace       used 63894K, capacity 65676K, committed 65960K, reserved 1105920K
  class space    used 8118K, capacity 8494K, committed 8624K, reserved 1048576K

Card table byte_map: [0x00000000127f0000,0x0000000012b00000] byte_map_base: 0x00000000122f0000

Marking Bits: (ParMarkBitMap*) 0x0000000070f69d00
 Begin Bits: [0x0000000013100000, 0x0000000014900000)
 End Bits:   [0x0000000014900000, 0x0000000016100000)

Polling page: 0x0000000000df0000

CodeCache: size=245760Kb used=38055Kb max_used=38055Kb free=207704Kb
 bounds [0x0000000003430000, 0x00000000059f0000, 0x0000000012430000]
 total_blobs=11460 nmethods=10713 adapters=658
 compilation: enabled

Compilation events (10 events):
Event: 102.282 Thread 0x000000001841c000 13297       2       com.android.dx.cf.code.Simulator$SimVisitor::visitSwitch (54 bytes)
Event: 102.283 Thread 0x000000001841c000 nmethod 13297 0x000000000545da10 code [0x000000000545dba0, 0x000000000545df08]
Event: 102.284 Thread 0x000000001841c000 13298       2       com.android.dx.rop.code.Insn$BaseVisitor::visitSwitchInsn (1 bytes)
Event: 102.284 Thread 0x000000001841c000 nmethod 13298 0x0000000005873f10 code [0x0000000005874060, 0x00000000058741b0]
Event: 102.284 Thread 0x000000001841c000 13299       2       com.android.dx.dex.code.RopTranslator$LocalVariableAwareTranslationVisitor::visitSwitchInsn (11 bytes)
Event: 102.286 Thread 0x000000001841c000 nmethod 13299 0x000000000539b990 code [0x000000000539bb40, 0x000000000539bf58]
Event: 102.360 Thread 0x000000001841c000 13302       2       com.android.dx.ssa.SsaMethod$2::visitMoveInsn (6 bytes)
Event: 102.360 Thread 0x000000001841c000 nmethod 13302 0x0000000005723150 code [0x00000000057232c0, 0x0000000005723428]
Event: 102.362 Thread 0x000000001841c000 13303       3       com.android.dx.cf.code.Ropper::addSetupBlocks (535 bytes)
Event: 102.378 Thread 0x000000001841c000 nmethod 13303 0x00000000059d4650 code [0x00000000059d5100, 0x00000000059dd468]

GC Heap History (10 events):
Event: 90.205 GC heap before
{Heap before GC invocations=22 (full 3):
 PSYoungGen      total 210432K, used 200084K [0x00000000e0000000, 0x00000000eec80000, 0x0000000100000000)
  eden space 182272K, 100% used [0x00000000e0000000,0x00000000eb200000,0x00000000eb200000)
  from space 28160K, 63% used [0x00000000ece00000,0x00000000edf653d8,0x00000000ee980000)
  to   space 28672K, 0% used [0x00000000eb200000,0x00000000eb200000,0x00000000ece00000)
 ParOldGen       total 116224K, used 47182K [0x00000000a0000000, 0x00000000a7180000, 0x00000000e0000000)
  object space 116224K, 40% used [0x00000000a0000000,0x00000000a2e13be0,0x00000000a7180000)
 Metaspace       used 63684K, capacity 65458K, committed 65704K, reserved 1105920K
  class space    used 8119K, capacity 8501K, committed 8624K, reserved 1048576K
Event: 90.305 GC heap after
Heap after GC invocations=22 (full 3):
 PSYoungGen      total 210944K, used 28663K [0x00000000e0000000, 0x00000000f2280000, 0x0000000100000000)
  eden space 182272K, 0% used [0x00000000e0000000,0x00000000e0000000,0x00000000eb200000)
  from space 28672K, 99% used [0x00000000eb200000,0x00000000ecdfdee0,0x00000000ece00000)
  to   space 37888K, 0% used [0x00000000efd80000,0x00000000efd80000,0x00000000f2280000)
 ParOldGen       total 116224K, used 58977K [0x00000000a0000000, 0x00000000a7180000, 0x00000000e0000000)
  object space 116224K, 50% used [0x00000000a0000000,0x00000000a3998788,0x00000000a7180000)
 Metaspace       used 63684K, capacity 65458K, committed 65704K, reserved 1105920K
  class space    used 8119K, capacity 8501K, committed 8624K, reserved 1048576K
}
Event: 92.138 GC heap before
{Heap before GC invocations=23 (full 3):
 PSYoungGen      total 210944K, used 210935K [0x00000000e0000000, 0x00000000f2280000, 0x0000000100000000)
  eden space 182272K, 100% used [0x00000000e0000000,0x00000000eb200000,0x00000000eb200000)
  from space 28672K, 99% used [0x00000000eb200000,0x00000000ecdfdee0,0x00000000ece00000)
  to   space 37888K, 0% used [0x00000000efd80000,0x00000000efd80000,0x00000000f2280000)
 ParOldGen       total 116224K, used 58977K [0x00000000a0000000, 0x00000000a7180000, 0x00000000e0000000)
  object space 116224K, 50% used [0x00000000a0000000,0x00000000a3998788,0x00000000a7180000)
 Metaspace       used 63773K, capacity 65522K, committed 65704K, reserved 1105920K
  class space    used 8120K, capacity 8501K, committed 8624K, reserved 1048576K
Event: 92.314 GC heap after
Heap after GC invocations=23 (full 3):
 PSYoungGen      total 244736K, used 37883K [0x00000000e0000000, 0x00000000f4b00000, 0x0000000100000000)
  eden space 206848K, 0% used [0x00000000e0000000,0x00000000e0000000,0x00000000eca00000)
  from space 37888K, 99% used [0x00000000efd80000,0x00000000f227ec60,0x00000000f2280000)
  to   space 52736K, 0% used [0x00000000eca00000,0x00000000eca00000,0x00000000efd80000)
 ParOldGen       total 116224K, used 81963K [0x00000000a0000000, 0x00000000a7180000, 0x00000000e0000000)
  object space 116224K, 70% used [0x00000000a0000000,0x00000000a500acf8,0x00000000a7180000)
 Metaspace       used 63773K, capacity 65522K, committed 65704K, reserved 1105920K
  class space    used 8120K, capacity 8501K, committed 8624K, reserved 1048576K
}
Event: 94.719 GC heap before
{Heap before GC invocations=24 (full 3):
 PSYoungGen      total 244736K, used 244731K [0x00000000e0000000, 0x00000000f4b00000, 0x0000000100000000)
  eden space 206848K, 100% used [0x00000000e0000000,0x00000000eca00000,0x00000000eca00000)
  from space 37888K, 99% used [0x00000000efd80000,0x00000000f227ec60,0x00000000f2280000)
  to   space 52736K, 0% used [0x00000000eca00000,0x00000000eca00000,0x00000000efd80000)
 ParOldGen       total 116224K, used 81963K [0x00000000a0000000, 0x00000000a7180000, 0x00000000e0000000)
  object space 116224K, 70% used [0x00000000a0000000,0x00000000a500acf8,0x00000000a7180000)
 Metaspace       used 63826K, capacity 65586K, committed 65960K, reserved 1105920K
  class space    used 8122K, capacity 8501K, committed 8624K, reserved 1048576K
Event: 94.941 GC heap after
Heap after GC invocations=24 (full 3):
 PSYoungGen      total 259584K, used 52706K [0x00000000e0000000, 0x00000000f8800000, 0x0000000100000000)
  eden space 206848K, 0% used [0x00000000e0000000,0x00000000e0000000,0x00000000eca00000)
  from space 52736K, 99% used [0x00000000eca00000,0x00000000efd78b18,0x00000000efd80000)
  to   space 66048K, 0% used [0x00000000f4780000,0x00000000f4780000,0x00000000f8800000)
 ParOldGen       total 116224K, used 94143K [0x00000000a0000000, 0x00000000a7180000, 0x00000000e0000000)
  object space 116224K, 81% used [0x00000000a0000000,0x00000000a5befcf0,0x00000000a7180000)
 Metaspace       used 63826K, capacity 65586K, committed 65960K, reserved 1105920K
  class space    used 8122K, capacity 8501K, committed 8624K, reserved 1048576K
}
Event: 97.748 GC heap before
{Heap before GC invocations=25 (full 3):
 PSYoungGen      total 259584K, used 259554K [0x00000000e0000000, 0x00000000f8800000, 0x0000000100000000)
  eden space 206848K, 100% used [0x00000000e0000000,0x00000000eca00000,0x00000000eca00000)
  from space 52736K, 99% used [0x00000000eca00000,0x00000000efd78b18,0x00000000efd80000)
  to   space 66048K, 0% used [0x00000000f4780000,0x00000000f4780000,0x00000000f8800000)
 ParOldGen       total 116224K, used 94143K [0x00000000a0000000, 0x00000000a7180000, 0x00000000e0000000)
  object space 116224K, 81% used [0x00000000a0000000,0x00000000a5befcf0,0x00000000a7180000)
 Metaspace       used 63887K, capacity 65650K, committed 65960K, reserved 1105920K
  class space    used 8122K, capacity 8501K, committed 8624K, reserved 1048576K
Event: 98.100 GC heap after
Heap after GC invocations=25 (full 3):
 PSYoungGen      total 330752K, used 47882K [0x00000000e0000000, 0x00000000f9580000, 0x0000000100000000)
  eden space 264704K, 0% used [0x00000000e0000000,0x00000000e0000000,0x00000000f0280000)
  from space 66048K, 72% used [0x00000000f4780000,0x00000000f7642a38,0x00000000f8800000)
  to   space 70656K, 0% used [0x00000000f0280000,0x00000000f0280000,0x00000000f4780000)
 ParOldGen       total 116224K, used 99361K [0x00000000a0000000, 0x00000000a7180000, 0x00000000e0000000)
  object space 116224K, 85% used [0x00000000a0000000,0x00000000a61087d0,0x00000000a7180000)
 Metaspace       used 63887K, capacity 65650K, committed 65960K, reserved 1105920K
  class space    used 8122K, capacity 8501K, committed 8624K, reserved 1048576K
}
Event: 98.105 GC heap before
{Heap before GC invocations=26 (full 4):
 PSYoungGen      total 330752K, used 47882K [0x00000000e0000000, 0x00000000f9580000, 0x0000000100000000)
  eden space 264704K, 0% used [0x00000000e0000000,0x00000000e0000000,0x00000000f0280000)
  from space 66048K, 72% used [0x00000000f4780000,0x00000000f7642a38,0x00000000f8800000)
  to   space 70656K, 0% used [0x00000000f0280000,0x00000000f0280000,0x00000000f4780000)
 ParOldGen       total 116224K, used 99361K [0x00000000a0000000, 0x00000000a7180000, 0x00000000e0000000)
  object space 116224K, 85% used [0x00000000a0000000,0x00000000a61087d0,0x00000000a7180000)
 Metaspace       used 63887K, capacity 65650K, committed 65960K, reserved 1105920K
  class space    used 8122K, capacity 8501K, committed 8624K, reserved 1048576K
Event: 99.896 GC heap after
Heap after GC invocations=26 (full 4):
 PSYoungGen      total 330752K, used 0K [0x00000000e0000000, 0x00000000f9580000, 0x0000000100000000)
  eden space 264704K, 0% used [0x00000000e0000000,0x00000000e0000000,0x00000000f0280000)
  from space 66048K, 0% used [0x00000000f4780000,0x00000000f4780000,0x00000000f8800000)
  to   space 70656K, 0% used [0x00000000f0280000,0x00000000f0280000,0x00000000f4780000)
 ParOldGen       total 116224K, used 80453K [0x00000000a0000000, 0x00000000a7180000, 0x00000000e0000000)
  object space 116224K, 69% used [0x00000000a0000000,0x00000000a4e91758,0x00000000a7180000)
 Metaspace       used 63874K, capacity 65612K, committed 65960K, reserved 1105920K
  class space    used 8118K, capacity 8494K, committed 8624K, reserved 1048576K
}

Deoptimization events (10 events):
Event: 97.486 Thread 0x000000001cb6f800 Uncommon trap: reason=unstable_if action=reinterpret pc=0x0000000004e94734 method=com.android.dx.ssa.SsaMethod.getExitBlock()Lcom/android/dx/ssa/SsaBasicBlock; @ 4
Event: 97.487 Thread 0x000000001cb6f800 Uncommon trap: reason=unstable_if action=reinterpret pc=0x0000000005312ce0 method=com.android.dx.ssa.SsaMethod.getExitBlock()Lcom/android/dx/ssa/SsaBasicBlock; @ 4
Event: 100.115 Thread 0x000000001e251800 Uncommon trap: reason=bimorphic action=maybe_recompile pc=0x00000000058fdcbc method=com.android.dx.cf.code.BytecodeArray.parseInstruction(ILcom/android/dx/cf/code/BytecodeArray$Visitor;)I @ 1501
Event: 100.115 Thread 0x000000001e251800 Uncommon trap: reason=bimorphic action=maybe_recompile pc=0x00000000058fdcbc method=com.android.dx.cf.code.BytecodeArray.parseInstruction(ILcom/android/dx/cf/code/BytecodeArray$Visitor;)I @ 1501
Event: 101.982 Thread 0x000000001e253000 Uncommon trap: reason=unstable_if action=reinterpret pc=0x0000000003692bf4 method=java.util.concurrent.ConcurrentHashMap.putVal(Ljava/lang/Object;Ljava/lang/Object;Z)Ljava/lang/Object; @ 288
Event: 102.036 Thread 0x000000001bc1e000 Uncommon trap: reason=bimorphic action=maybe_recompile pc=0x000000000598621c method=com.android.dx.cf.code.BytecodeArray.parseInstruction(ILcom/android/dx/cf/code/BytecodeArray$Visitor;)I @ 1549
Event: 102.036 Thread 0x000000001bc1e000 Uncommon trap: reason=bimorphic action=maybe_recompile pc=0x000000000598621c method=com.android.dx.cf.code.BytecodeArray.parseInstruction(ILcom/android/dx/cf/code/BytecodeArray$Visitor;)I @ 1549
Event: 102.206 Thread 0x000000001e251800 Uncommon trap: reason=unstable_if action=reinterpret pc=0x00000000056bebd0 method=java.util.concurrent.ConcurrentHashMap.get(Ljava/lang/Object;)Ljava/lang/Object; @ 86
Event: 102.206 Thread 0x000000001e251800 Uncommon trap: reason=unstable_if action=reinterpret pc=0x0000000004afa808 method=java.util.concurrent.ConcurrentHashMap.get(Ljava/lang/Object;)Ljava/lang/Object; @ 86
Event: 102.246 Thread 0x000000001bc1c800 Uncommon trap: reason=unstable_if action=reinterpret pc=0x0000000005893c48 method=com.android.dx.cf.code.Ropper.addOrReplaceBlock(Lcom/android/dx/rop/code/BasicBlock;Lcom/android/dx/util/IntList;)Z @ 24

Internal exceptions (10 events):
Event: 59.937 Thread 0x0000000019e0a000 Implicit null exception at 0x0000000004b1ccbf to 0x0000000004b1b479
Event: 59.965 Thread 0x0000000019e0a000 Implicit null exception at 0x0000000004b1ccbf to 0x0000000004b1b479
Event: 69.890 Thread 0x0000000019e0a000 Implicit null exception at 0x0000000004596c97 to 0x0000000004597a61
Event: 74.415 Thread 0x0000000019e0a000 Implicit null exception at 0x0000000004d232a1 to 0x0000000004d23939
Event: 77.808 Thread 0x0000000019e0a000 Exception <a 'java/lang/NoSuchMethodError': <clinit>> (0x00000000e17b2be0) thrown at [C:\src\android\AOSP-openjdk\external\jetbrains\jdk\hotspot\src\share\vm\prims\jni.cpp, line 1591]
Event: 78.997 Thread 0x0000000019e0a000 Exception <a 'java/io/FileNotFoundException'> (0x00000000e8c80898) thrown at [C:\src\android\AOSP-openjdk\external\jetbrains\jdk\hotspot\src\share\vm\prims\jni.cpp, line 709]
Event: 86.522 Thread 0x000000001cb6a800 Implicit null exception at 0x000000000370ec68 to 0x000000000370f961
Event: 86.522 Thread 0x000000001cb6a800 Implicit null exception at 0x0000000003735749 to 0x000000000373622d
Event: 96.235 Thread 0x000000001bc1f000 Implicit null exception at 0x00000000040a8b58 to 0x00000000040a96a9
Event: 101.982 Thread 0x000000001e253000 Implicit null exception at 0x00000000036925cc to 0x0000000003692bc1

Events (10 events):
Event: 102.206 Thread 0x000000001e251800 DEOPT UNPACKING pc=0x000000000347556a sp=0x0000000027ebe450 mode 2
Event: 102.233 Thread 0x000000001bc1f000 DEOPT PACKING pc=0x00000000053575f0 sp=0x000000002e9be700
Event: 102.233 Thread 0x000000001bc1f000 DEOPT UNPACKING pc=0x00000000034775bf sp=0x000000002e9be4c8 mode 0
Event: 102.246 Thread 0x000000001bc1c800 Uncommon trap: trap_request=0xffffff65 fr.pc=0x0000000005893c48
Event: 102.246 Thread 0x000000001bc1c800 DEOPT PACKING pc=0x0000000005893c48 sp=0x000000002e7beb10
Event: 102.246 Thread 0x000000001bc1c800 DEOPT UNPACKING pc=0x000000000347556a sp=0x000000002e7bea80 mode 2
Event: 102.310 Thread 0x000000001bc20800 DEOPT PACKING pc=0x00000000057246cb sp=0x000000002e8be7d0
Event: 102.310 Thread 0x000000001bc20800 DEOPT UNPACKING pc=0x00000000034775bf sp=0x000000002e8be590 mode 0
Event: 102.374 Thread 0x000000001e253000 DEOPT PACKING pc=0x00000000053575f0 sp=0x0000000027fbdeb0
Event: 102.374 Thread 0x000000001e253000 DEOPT UNPACKING pc=0x00000000034775bf sp=0x0000000027fbdc78 mode 0


Dynamic libraries:
0x00007ff739e00000 - 0x00007ff739e31000 	C:\Program Files\Android\Android Studio\jre\bin\java.exe
0x00007ffacc9f0000 - 0x00007ffaccbc1000 	C:\Windows\SYSTEM32\ntdll.dll
0x00007ffacc050000 - 0x00007ffacc0fb000 	C:\Windows\System32\KERNEL32.DLL
0x00007ffac9960000 - 0x00007ffac9b7d000 	C:\Windows\System32\KERNELBASE.dll
0x00007ffacc890000 - 0x00007ffacc932000 	C:\Windows\System32\ADVAPI32.dll
0x00007ffac9fa0000 - 0x00007ffaca03e000 	C:\Windows\System32\msvcrt.dll
0x00007ffaca1e0000 - 0x00007ffaca239000 	C:\Windows\System32\sechost.dll
0x00007ffacc640000 - 0x00007ffacc761000 	C:\Windows\System32\RPCRT4.dll
0x00007ffaca240000 - 0x00007ffaca3a5000 	C:\Windows\System32\USER32.dll
0x00007ffac96e0000 - 0x00007ffac96fe000 	C:\Windows\System32\win32u.dll
0x00007ffaca1a0000 - 0x00007ffaca1d4000 	C:\Windows\System32\GDI32.dll
0x00007ffac9b80000 - 0x00007ffac9d02000 	C:\Windows\System32\gdi32full.dll
0x00007ffac03e0000 - 0x00007ffac0659000 	C:\Windows\WinSxS\amd64_microsoft.windows.common-controls_6595b64144ccf1df_6.0.14393.447_none_42191651c6827bb3\COMCTL32.dll
0x00007ffacb930000 - 0x00007ffacbbf8000 	C:\Windows\System32\combase.dll
0x00007ffac9700000 - 0x00007ffac97f5000 	C:\Windows\System32\ucrtbase.dll
0x00007ffac8ee0000 - 0x00007ffac8f4a000 	C:\Windows\System32\bcryptPrimitives.dll
0x00007ffacbc00000 - 0x00007ffacbc2e000 	C:\Windows\System32\IMM32.DLL
0x00000000703b0000 - 0x0000000070482000 	C:\Program Files\Android\Android Studio\jre\jre\bin\msvcr100.dll
0x00000000707b0000 - 0x0000000070fe4000 	C:\Program Files\Android\Android Studio\jre\jre\bin\server\jvm.dll
0x00007ffacc940000 - 0x00007ffacc948000 	C:\Windows\System32\PSAPI.DLL
0x00007ffabadf0000 - 0x00007ffabadfa000 	C:\Windows\SYSTEM32\VERSION.dll
0x00007ffac6d20000 - 0x00007ffac6d43000 	C:\Windows\SYSTEM32\WINMM.dll
0x00007ffabea40000 - 0x00007ffabea49000 	C:\Windows\SYSTEM32\WSOCK32.dll
0x00007ffacbc90000 - 0x00007ffacbcfa000 	C:\Windows\System32\WS2_32.dll
0x0000000001240000 - 0x000000000126b000 	C:\Windows\SYSTEM32\WINMMBASE.dll
0x00007ffac9800000 - 0x00007ffac9842000 	C:\Windows\System32\cfgmgr32.dll
0x00007ffac55e0000 - 0x00007ffac55ef000 	C:\Program Files\Android\Android Studio\jre\jre\bin\verify.dll
0x00007ffab47d0000 - 0x00007ffab47f9000 	C:\Program Files\Android\Android Studio\jre\jre\bin\java.dll
0x00007ffab47b0000 - 0x00007ffab47c6000 	C:\Program Files\Android\Android Studio\jre\jre\bin\zip.dll
0x00007ffaca420000 - 0x00007ffacb929000 	C:\Windows\System32\SHELL32.dll
0x00007ffac8f50000 - 0x00007ffac962a000 	C:\Windows\System32\windows.storage.dll
0x00007ffac8e90000 - 0x00007ffac8edc000 	C:\Windows\System32\powrprof.dll
0x00007ffacbc30000 - 0x00007ffacbc82000 	C:\Windows\System32\shlwapi.dll
0x00007ffac8e80000 - 0x00007ffac8e8f000 	C:\Windows\System32\kernel.appcore.dll
0x00007ffac9630000 - 0x00007ffac96d9000 	C:\Windows\System32\shcore.dll
0x00007ffac8e50000 - 0x00007ffac8e64000 	C:\Windows\System32\profapi.dll
0x00007ffab42c0000 - 0x00007ffab42da000 	C:\Program Files\Android\Android Studio\jre\jre\bin\net.dll
0x00007ffac8780000 - 0x00007ffac87dc000 	C:\Windows\system32\mswsock.dll
0x00007ffab3cd0000 - 0x00007ffab3ce1000 	C:\Program Files\Android\Android Studio\jre\jre\bin\nio.dll
0x00007ffaa09a0000 - 0x00007ffaa09b2000 	C:\Users\charlie\.gradle\native\19\windows-amd64\native-platform.dll
0x00007ffac8920000 - 0x00007ffac8937000 	C:\Windows\SYSTEM32\CRYPTSP.dll
0x00007ffac8390000 - 0x00007ffac83c3000 	C:\Windows\system32\rsaenh.dll
0x00007ffac8a30000 - 0x00007ffac8a5b000 	C:\Windows\SYSTEM32\bcrypt.dll
0x00007ffac8600000 - 0x00007ffac861f000 	C:\Windows\SYSTEM32\USERENV.dll
0x00007ffac8940000 - 0x00007ffac894b000 	C:\Windows\SYSTEM32\CRYPTBASE.dll
0x00007ffac8510000 - 0x00007ffac8548000 	C:\Windows\SYSTEM32\IPHLPAPI.DLL
0x00007ffaca3b0000 - 0x00007ffaca3b8000 	C:\Windows\System32\NSI.dll
0x00007ffac3430000 - 0x00007ffac3446000 	C:\Windows\SYSTEM32\dhcpcsvc6.DLL
0x00007ffac3410000 - 0x00007ffac342a000 	C:\Windows\SYSTEM32\dhcpcsvc.DLL
0x00007ffac22d0000 - 0x00007ffac22dd000 	C:\Program Files\Android\Android Studio\jre\jre\bin\management.dll

VM Arguments:
jvm_args: -Xmx1536m -Dfile.encoding=GBK -Duser.country=CN -Duser.language=zh -Duser.variant 
java_command: org.gradle.launcher.daemon.bootstrap.GradleDaemon 2.14.1
java_class_path (initial): C:\Program Files\Android\Android Studio\gradle\gradle-2.14.1\lib\gradle-launcher-2.14.1.jar
Launcher Type: SUN_STANDARD

Environment Variables:
JAVA_HOME=C:\Program Files\Java\jdk1.8.0_102
PATH=C:\Program Files\Java\jdk1.8.0_102\bin;C:\Program Files\Java\jdk1.8.0_102\jre\bin;C:\ProgramData\Oracle\Java\javapath;C:\Windows\system32;C:\Windows;C:\Windows\System32\Wbem;C:\Windows\System32\WindowsPowerShell\v1.0\;C:\Program Files (x86)\PuTTY\;C:\Program Files\Microsoft SQL Server\130\Tools\Binn\;C:\Program Files (x86)\QuickTime\QTSystem\;C:\Program Files (x86)\GtkSharp\2.12\bin;C:\Program Files (x86)\Common Files\Propellerhead Software\ReWire\;C:\Program Files\Common Files\Propellerhead Software\ReWire\;C:\Program Files\Git\cmd;C:\Program Files\dotnet\;C:\Program Files (x86)\Windows Kits\10\Windows Performance Toolkit\;C:\Users\charlie\AppData\Local\Microsoft\WindowsApps;
USERNAME=charlie
OS=Windows_NT
PROCESSOR_IDENTIFIER=Intel64 Family 6 Model 58 Stepping 9, GenuineIntel



---------------  S Y S T E M  ---------------

OS: Windows 10.0 , 64 bit Build 14393 (10.0.14393.0)

CPU:total 4 (2 cores per cpu, 2 threads per core) family 6 model 58 stepping 9, cmov, cx8, fxsr, mmx, sse, sse2, sse3, ssse3, sse4.1, sse4.2, popcnt, avx, aes, clmul, erms, ht, tsc, tscinvbit, tscinv

Memory: 4k page, physical 4070680k(372076k free), swap 8494504k(5528k free)

vm_info: OpenJDK 64-Bit Server VM (25.76-b03) for windows-amd64 JRE (1.8.0_76-release-b03), built on Jun 29 2016 19:09:20 by "ralucas" with MS VC++ 10.0 (VS2010)

time: Sat Feb 04 22:16:21 2017
elapsed time: 102 seconds (0d 0h 1m 42s)

